
62. Printing statistics.

=== systolic_top ===

   Number of wires:                221
   Number of wire bits:            235
   Number of public wires:          64
   Number of public wire bits:      78
   Number of memories:               0
   Number of memory bits:            0
   Number of processes:              0
   Number of cells:                215
     sky130_fd_sc_hd__a211oi_2       1
     sky130_fd_sc_hd__a21bo_2        3
     sky130_fd_sc_hd__a21boi_2       7
     sky130_fd_sc_hd__a21o_2         1
     sky130_fd_sc_hd__a21oi_2       11
     sky130_fd_sc_hd__a31o_2         6
     sky130_fd_sc_hd__a31oi_2        1
     sky130_fd_sc_hd__and2_2         2
     sky130_fd_sc_hd__and2b_2        3
     sky130_fd_sc_hd__and4_2         1
     sky130_fd_sc_hd__and4b_2        2
     sky130_fd_sc_hd__buf_1          6
     sky130_fd_sc_hd__dfrtp_2       56
     sky130_fd_sc_hd__inv_2         19
     sky130_fd_sc_hd__mux2_2         6
     sky130_fd_sc_hd__nand2_2       18
     sky130_fd_sc_hd__nand3_2        3
     sky130_fd_sc_hd__nand3b_2       2
     sky130_fd_sc_hd__nand4_2        1
     sky130_fd_sc_hd__nor2b_2        1
     sky130_fd_sc_hd__nor3_2         1
     sky130_fd_sc_hd__o2111a_2       2
     sky130_fd_sc_hd__o211ai_2       1
     sky130_fd_sc_hd__o21a_2        14
     sky130_fd_sc_hd__o21ai_2       22
     sky130_fd_sc_hd__o21ba_2        2
     sky130_fd_sc_hd__o21bai_2       4
     sky130_fd_sc_hd__o22a_2         8
     sky130_fd_sc_hd__o2bb2a_2       4
     sky130_fd_sc_hd__o32a_2         5
     sky130_fd_sc_hd__or3_2          1
     sky130_fd_sc_hd__or3b_2         1

   Chip area for module '\systolic_top': 2810.195200

