Instance name,  X location,  Y location,  Voltage 
FILLER_0_26_153, 74.025, 81.6, 0.000362172
FILLER_0_24_153, 74.025, 76.16, 0.000368958
FILLER_0_25_154, 74.025, 76.16, 0.000368958
_314_, 74.025, 70.72, 0.000405988
hold1, 74.025, 70.72, 0.000405988
_310_, 74.025, 65.28, 0.00038151
FILLER_0_20_148, 74.025, 65.28, 0.00038151
hold39, 74.025, 59.84, 0.000376344
FILLER_0_17_148, 74.025, 59.84, 0.000376344
FILLER_0_18_150, 74.025, 59.84, 0.000376344
FILLER_0_19_152, 74.025, 59.84, 0.000376344
_308_, 74.025, 54.4, 0.000356466
fanout9, 74.025, 54.4, 0.000356466
FILLER_0_16_155, 74.025, 54.4, 0.000356466
_306_, 74.025, 48.96, 0.000374607
hold25, 74.025, 48.96, 0.000374607
hold50, 74.025, 48.96, 0.000374607
_305_, 74.025, 43.52, 0.000349399
_312_, 74.025, 43.52, 0.000349399
input3, 74.025, 43.52, 0.000349399
fanout8, 74.025, 43.52, 0.000349399
FILLER_0_12_152, 74.025, 43.52, 0.000349399
FILLER_0_13_153, 74.025, 43.52, 0.000349399
hold26, 74.025, 38.08, 0.000360723
hold27, 74.025, 38.08, 0.000360723
_185_, 74.025, 32.64, 0.000344705
_304_, 74.025, 32.64, 0.000344705
_313_, 74.025, 32.64, 0.000344705
FILLER_0_8_152, 74.025, 32.64, 0.000344705
_300_, 74.025, 27.2, 0.000377199
_301_, 74.025, 27.2, 0.000377199
hold7, 74.025, 27.2, 0.000377199
_186_, 74.025, 21.76, 0.000392463
_298_, 74.025, 21.76, 0.000392463
hold22, 74.025, 21.76, 0.000392463
FILLER_0_5_155, 74.025, 21.76, 0.000392463
_180_, 74.025, 16.32, 0.000400701
_299_, 74.025, 16.32, 0.000400701
hold23, 74.025, 16.32, 0.000400701
hold52, 74.025, 16.32, 0.000400701
_192_, 74.025, 10.88, 0.000376697
_307_, 74.025, 10.88, 0.000376697
FILLER_0_0_141, 74.025, 10.88, 0.000376697
FILLER_0_0_153, 74.025, 10.88, 0.000376697
_295_, 55.395, 81.6, 0.000372273
_296_, 55.395, 81.6, 0.000372273
FILLER_0_25_103, 55.395, 81.6, 0.000372273
FILLER_0_26_109, 55.395, 81.6, 0.000372273
_359_, 55.395, 76.16, 0.000396621
hold6, 55.395, 76.16, 0.000396621
hold40, 55.395, 76.16, 0.000396621
FILLER_0_24_100, 55.395, 76.16, 0.000396621
_203_, 55.395, 70.72, 0.000436617
_288_, 55.395, 70.72, 0.000436617
_316_, 55.395, 70.72, 0.000436617
hold9, 55.395, 70.72, 0.000436617
FILLER_0_22_110, 55.395, 70.72, 0.000436617
FILLER_0_23_113, 55.395, 70.72, 0.000436617
_289_, 55.395, 65.28, 0.000391953
_291_, 55.395, 65.28, 0.000391953
_292_, 55.395, 65.28, 0.000391953
_290_, 55.395, 59.84, 0.000392266
_355_, 55.395, 59.84, 0.000392266
FILLER_0_19_113, 55.395, 59.84, 0.000392266
_189_, 55.395, 54.4, 0.000371372
hold49, 55.395, 54.4, 0.000371372
FILLER_0_16_113, 55.395, 54.4, 0.000371372
_162_, 55.395, 48.96, 0.000418299
_286_, 55.395, 48.96, 0.000418299
hold34, 55.395, 48.96, 0.000418299
FILLER_0_14_114, 55.395, 48.96, 0.000418299
_284_, 55.395, 43.52, 0.000338872
_293_, 55.395, 43.52, 0.000338872
hold38, 55.395, 43.52, 0.000338872
FILLER_0_12_115, 55.395, 43.52, 0.000338872
_198_, 55.395, 38.08, 0.000363999
hold37, 55.395, 38.08, 0.000363999
FILLER_0_9_108, 55.395, 38.08, 0.000363999
FILLER_0_10_112, 55.395, 38.08, 0.000363999
_196_, 55.395, 32.64, 0.000345813
_350_, 55.395, 32.64, 0.000345813
_246_, 55.395, 27.2, 0.000407368
_280_, 55.395, 27.2, 0.000407368
clkbuf_2_2__f_clk, 55.395, 27.2, 0.000407368
_193_, 55.395, 21.76, 0.000403123
_276_, 55.395, 21.76, 0.000403123
hold43, 55.395, 21.76, 0.000403123
_157_, 55.395, 16.32, 0.000409384
_163_, 55.395, 16.32, 0.000409384
_187_, 55.395, 16.32, 0.000409384
_285_, 55.395, 16.32, 0.000409384
FILLER_0_1_109, 55.395, 10.88, 0.000365102
FILLER_0_1_113, 55.395, 10.88, 0.000365102
_268_, 36.765, 81.6, 0.00037916
hold47, 36.765, 81.6, 0.00037916
hold48, 36.765, 81.6, 0.00037916
_267_, 36.765, 76.16, 0.00041058
_303_, 36.765, 76.16, 0.00041058
_344_, 36.765, 76.16, 0.00041058
_363_, 36.765, 76.16, 0.00041058
hold18, 36.765, 76.16, 0.00041058
_176_, 36.765, 70.72, 0.000421485
_204_, 36.765, 70.72, 0.000421485
_265_, 36.765, 70.72, 0.000421485
_302_, 36.765, 70.72, 0.000421485
hold57, 36.765, 70.72, 0.000421485
_340_, 36.765, 65.28, 0.000373874
FILLER_0_20_61, 36.765, 65.28, 0.000373874
_175_, 36.765, 59.84, 0.000415167
_190_, 36.765, 59.84, 0.000415167
_259_, 36.765, 59.84, 0.000415167
_260_, 36.765, 59.84, 0.000415167
_261_, 36.765, 59.84, 0.000415167
_339_, 36.765, 59.84, 0.000415167
hold36, 36.765, 59.84, 0.000415167
FILLER_0_19_69, 36.765, 59.84, 0.000415167
_177_, 36.765, 54.4, 0.000375529
_258_, 36.765, 54.4, 0.000375529
_337_, 36.765, 54.4, 0.000375529
FILLER_0_16_65, 36.765, 54.4, 0.000375529
_256_, 36.765, 48.96, 0.000411765
hold41, 36.765, 48.96, 0.000411765
_223_, 36.765, 43.52, 0.000305023
_252_, 36.765, 43.52, 0.000305023
hold31, 36.765, 43.52, 0.000305023
FILLER_0_12_61, 36.765, 43.52, 0.000305023
_264_, 36.765, 38.08, 0.000350889
_335_, 36.765, 38.08, 0.000350889
fanout6, 36.765, 38.08, 0.000350889
_199_, 36.765, 32.64, 0.000350601
_243_, 36.765, 32.64, 0.000350601
_251_, 36.765, 32.64, 0.000350601
FILLER_0_8_77, 36.765, 32.64, 0.000350601
_212_, 36.765, 27.2, 0.000349564
_248_, 36.765, 27.2, 0.000349564
FILLER_0_6_78, 36.765, 27.2, 0.000349564
_179_, 36.765, 21.76, 0.000386835
_333_, 36.765, 21.76, 0.000386835
_244_, 36.765, 16.32, 0.000404952
_245_, 36.765, 16.32, 0.000404952
hold20, 36.765, 16.32, 0.000404952
_349_, 18.135, 81.6, 0.000382951
FILLER_0_25_15, 18.135, 81.6, 0.000382951
FILLER_0_26_29, 18.135, 81.6, 0.000382951
FILLER_0_26_37, 18.135, 81.6, 0.000382951
_239_, 18.135, 76.16, 0.000399593
_240_, 18.135, 76.16, 0.000399593
hold8, 18.135, 76.16, 0.000399593
FILLER_0_23_26, 18.135, 76.16, 0.000399593
_238_, 18.135, 70.72, 0.000409319
_278_, 18.135, 70.72, 0.000409319
_341_, 18.135, 70.72, 0.000409319
hold21, 18.135, 70.72, 0.000409319
FILLER_0_21_21, 18.135, 70.72, 0.000409319
FILLER_0_22_29, 18.135, 70.72, 0.000409319
FILLER_0_22_37, 18.135, 70.72, 0.000409319
hold56, 18.135, 65.28, 0.000372
FILLER_0_21_32, 18.135, 65.28, 0.000372
_167_, 18.135, 59.84, 0.000419808
_237_, 18.135, 59.84, 0.000419808
_250_, 18.135, 59.84, 0.000419808
hold12, 18.135, 59.84, 0.000419808
FILLER_0_17_20, 18.135, 59.84, 0.000419808
FILLER_0_19_29, 18.135, 59.84, 0.000419808
_201_, 18.135, 54.4, 0.000390456
_206_, 18.135, 54.4, 0.000390456
_213_, 18.135, 54.4, 0.000390456
_231_, 18.135, 54.4, 0.000390456
_234_, 18.135, 54.4, 0.000390456
_235_, 18.135, 54.4, 0.000390456
_325_, 18.135, 54.4, 0.000390456
FILLER_0_16_15, 18.135, 54.4, 0.000390456
_169_, 18.135, 48.96, 0.000400328
_241_, 18.135, 48.96, 0.000400328
hold54, 18.135, 48.96, 0.000400328
FILLER_0_13_15, 18.135, 48.96, 0.000400328
FILLER_0_14_15, 18.135, 48.96, 0.000400328
_230_, 18.135, 43.52, 0.000321712
_322_, 18.135, 43.52, 0.000321712
hold46, 18.135, 43.52, 0.000321712
FILLER_0_11_15, 18.135, 43.52, 0.000321712
_200_, 18.135, 38.08, 0.0003821
_214_, 18.135, 38.08, 0.0003821
clkbuf_2_0__f_clk, 18.135, 38.08, 0.0003821
FILLER_0_10_15, 18.135, 38.08, 0.0003821
FILLER_0_10_29, 18.135, 38.08, 0.0003821
_170_, 18.135, 32.64, 0.000385425
_171_, 18.135, 32.64, 0.000385425
_207_, 18.135, 32.64, 0.000385425
hold55, 18.135, 32.64, 0.000385425
FILLER_0_7_15, 18.135, 32.64, 0.000385425
_215_, 18.135, 27.2, 0.000348274
_220_, 18.135, 27.2, 0.000348274
_229_, 18.135, 27.2, 0.000348274
hold44, 18.135, 27.2, 0.000348274
hold51, 18.135, 27.2, 0.000348274
FILLER_0_6_15, 18.135, 27.2, 0.000348274
_172_, 18.135, 21.76, 0.000391977
_173_, 18.135, 21.76, 0.000391977
_195_, 18.135, 21.76, 0.000391977
hold13, 18.135, 21.76, 0.000391977
_165_, 18.135, 16.32, 0.000426126
_211_, 18.135, 16.32, 0.000426126
_219_, 18.135, 16.32, 0.000426126
_318_, 18.135, 16.32, 0.000426126
hold53, 18.135, 16.32, 0.000426126
FILLER_0_1_15, 18.135, 16.32, 0.000426126
FILLER_0_2_37, 18.135, 16.32, 0.000426126
FILLER_0_0_19, 18.135, 10.88, 0.000326616
PHY_50, 5.52, 81.6, 0.000382951
PHY_52, 5.52, 81.6, 0.000382951
PHY_51, 80.04, 81.6, 0.000362172
PHY_53, 80.04, 81.6, 0.000362172
hold19, 27.45, 81.6, 0.000390912
hold28, 27.45, 81.6, 0.000390912
FILLER_0_26_48, 27.45, 81.6, 0.000390912
FILLER_0_26_57, 27.45, 81.6, 0.000390912
FILLER_0_26_81, 46.08, 81.6, 0.000375717
hold5, 64.71, 81.6, 0.000371816
FILLER_0_26_133, 64.71, 81.6, 0.000371816
_329_, 5.52, 76.16, 0.000420067
PHY_46, 5.52, 76.16, 0.000420067
PHY_48, 5.52, 76.16, 0.000420067
FILLER_0_24_3, 5.52, 76.16, 0.000420067
PHY_47, 80.04, 76.16, 0.000368958
PHY_49, 80.04, 76.16, 0.000368958
_343_, 27.45, 76.16, 0.000414944
FILLER_0_25_51, 27.45, 76.16, 0.000414944
FILLER_0_25_57, 27.45, 76.16, 0.000414944
_159_, 46.08, 76.16, 0.000410116
_294_, 46.08, 76.16, 0.000410116
FILLER_0_23_84, 46.08, 76.16, 0.000410116
FILLER_0_24_81, 46.08, 76.16, 0.000410116
FILLER_0_24_85, 46.08, 76.16, 0.000410116
FILLER_0_25_95, 46.08, 76.16, 0.000410116
_202_, 64.71, 76.16, 0.000385558
FILLER_0_24_136, 64.71, 76.16, 0.000385558
PHY_42, 5.52, 70.72, 0.000409319
PHY_44, 5.52, 70.72, 0.000409319
PHY_43, 80.04, 70.72, 0.000405988
PHY_45, 80.04, 70.72, 0.000405988
_205_, 27.45, 70.72, 0.000430226
_262_, 27.45, 70.72, 0.000430226
_263_, 27.45, 70.72, 0.000430226
_266_, 27.45, 70.72, 0.000430226
FILLER_0_21_40, 27.45, 70.72, 0.000430226
_161_, 46.08, 70.72, 0.000457418
_356_, 46.08, 70.72, 0.000457418
_358_, 46.08, 70.72, 0.000457418
FILLER_0_21_81, 46.08, 70.72, 0.000457418
FILLER_0_22_80, 46.08, 70.72, 0.000457418
_181_, 64.71, 70.72, 0.000442273
_208_, 64.71, 70.72, 0.000442273
_209_, 64.71, 70.72, 0.000442273
_309_, 64.71, 70.72, 0.000442273
_370_, 64.71, 70.72, 0.000442273
FILLER_0_21_125, 64.71, 70.72, 0.000442273
_328_, 5.52, 65.28, 0.000401381
PHY_38, 5.52, 65.28, 0.000401381
PHY_40, 5.52, 65.28, 0.000401381
FILLER_0_20_3, 5.52, 65.28, 0.000401381
PHY_39, 80.04, 65.28, 0.00038151
PHY_41, 80.04, 65.28, 0.00038151
FILLER_0_20_156, 80.04, 65.28, 0.00038151
_232_, 27.45, 65.28, 0.000374889
FILLER_0_21_49, 27.45, 65.28, 0.000374889
_360_, 46.08, 65.28, 0.000400229
hold10, 46.08, 65.28, 0.000400229
hold33, 46.08, 65.28, 0.000400229
FILLER_0_20_85, 46.08, 65.28, 0.000400229
FILLER_0_20_96, 46.08, 65.28, 0.000400229
_311_, 64.71, 65.28, 0.000409897
_368_, 64.71, 65.28, 0.000409897
hold2, 64.71, 65.28, 0.000409897
hold3, 64.71, 65.28, 0.000409897
FILLER_0_20_124, 64.71, 65.28, 0.000409897
FILLER_0_20_137, 64.71, 65.28, 0.000409897
_326_, 5.52, 59.84, 0.000470814
_334_, 5.52, 59.84, 0.000470814
PHY_34, 5.52, 59.84, 0.000470814
PHY_36, 5.52, 59.84, 0.000470814
FILLER_0_18_3, 5.52, 59.84, 0.000470814
FILLER_0_19_3, 5.52, 59.84, 0.000470814
PHY_35, 80.04, 59.84, 0.000376344
PHY_37, 80.04, 59.84, 0.000376344
FILLER_0_17_156, 80.04, 59.84, 0.000376344
_269_, 27.45, 59.84, 0.000437256
hold14, 27.45, 59.84, 0.000437256
hold15, 27.45, 59.84, 0.000437256
FILLER_0_18_56, 27.45, 59.84, 0.000437256
_297_, 46.08, 59.84, 0.000409908
hold32, 46.08, 59.84, 0.000409908
FILLER_0_17_85, 46.08, 59.84, 0.000409908
FILLER_0_18_81, 46.08, 59.84, 0.000409908
FILLER_0_18_85, 46.08, 59.84, 0.000409908
_182_, 64.71, 59.84, 0.000406375
_287_, 64.71, 59.84, 0.000406375
_315_, 64.71, 59.84, 0.000406375
_371_, 64.71, 59.84, 0.000406375
FILLER_0_17_120, 64.71, 59.84, 0.000406375
PHY_30, 5.52, 54.4, 0.000390456
PHY_32, 5.52, 54.4, 0.000390456
FILLER_0_17_3, 5.52, 54.4, 0.000390456
FILLER_0_17_11, 5.52, 54.4, 0.000390456
PHY_31, 80.04, 54.4, 0.000356466
PHY_33, 80.04, 54.4, 0.000356466
_191_, 27.45, 54.4, 0.000407253
_233_, 27.45, 54.4, 0.000407253
_345_, 27.45, 54.4, 0.000407253
FILLER_0_15_45, 27.45, 54.4, 0.000407253
_160_, 46.08, 54.4, 0.00038911
_354_, 46.08, 54.4, 0.00038911
fanout7, 46.08, 54.4, 0.00038911
hold35, 46.08, 54.4, 0.00038911
FILLER_0_16_80, 46.08, 54.4, 0.00038911
FILLER_0_17_93, 46.08, 54.4, 0.00038911
_158_, 64.71, 54.4, 0.000373959
_183_, 64.71, 54.4, 0.000373959
_188_, 64.71, 54.4, 0.000373959
_283_, 64.71, 54.4, 0.000373959
FILLER_0_15_124, 64.71, 54.4, 0.000373959
FILLER_0_16_128, 64.71, 54.4, 0.000373959
_330_, 5.52, 48.96, 0.000427276
PHY_26, 5.52, 48.96, 0.000427276
PHY_28, 5.52, 48.96, 0.000427276
input2, 5.52, 48.96, 0.000427276
FILLER_0_15_6, 5.52, 48.96, 0.000427276
PHY_27, 80.04, 48.96, 0.000374607
PHY_29, 80.04, 48.96, 0.000374607
FILLER_0_14_156, 80.04, 48.96, 0.000374607
_166_, 27.45, 48.96, 0.000453004
_168_, 27.45, 48.96, 0.000453004
_227_, 27.45, 48.96, 0.000453004
clkbuf_2_1__f_clk, 27.45, 48.96, 0.000453004
FILLER_0_14_41, 27.45, 48.96, 0.000453004
FILLER_0_15_53, 27.45, 48.96, 0.000453004
FILLER_0_15_57, 27.45, 48.96, 0.000453004
_255_, 46.08, 48.96, 0.00049882
_352_, 46.08, 48.96, 0.00049882
clkbuf_0_clk, 46.08, 48.96, 0.00049882
clkbuf_2_3__f_clk, 46.08, 48.96, 0.00049882
FILLER_0_14_85, 46.08, 48.96, 0.00049882
FILLER_0_15_89, 46.08, 48.96, 0.00049882
_367_, 64.71, 48.96, 0.00040631
FILLER_0_14_137, 64.71, 48.96, 0.00040631
_324_, 5.52, 43.52, 0.000346083
PHY_22, 5.52, 43.52, 0.000346083
PHY_24, 5.52, 43.52, 0.000346083
FILLER_0_12_3, 5.52, 43.52, 0.000346083
PHY_23, 80.04, 43.52, 0.000349399
PHY_25, 80.04, 43.52, 0.000349399
_228_, 27.45, 43.52, 0.000323331
hold29, 27.45, 43.52, 0.000323331
FILLER_0_13_50, 27.45, 43.52, 0.000323331
_254_, 46.08, 43.52, 0.00033057
hold30, 46.08, 43.52, 0.00033057
_197_, 64.71, 43.52, 0.000377679
_279_, 64.71, 43.52, 0.000377679
_281_, 64.71, 43.52, 0.000377679
_282_, 64.71, 43.52, 0.000377679
_351_, 64.71, 43.52, 0.000377679
_365_, 64.71, 43.52, 0.000377679
PHY_18, 5.52, 38.08, 0.0003821
PHY_20, 5.52, 38.08, 0.0003821
_184_, 80.04, 38.08, 0.000364973
PHY_19, 80.04, 38.08, 0.000364973
PHY_21, 80.04, 38.08, 0.000364973
_224_, 27.45, 38.08, 0.000396719
_225_, 27.45, 38.08, 0.000396719
_321_, 27.45, 38.08, 0.000396719
_342_, 27.45, 38.08, 0.000396719
_178_, 46.08, 38.08, 0.000384667
_253_, 46.08, 38.08, 0.000384667
_336_, 46.08, 38.08, 0.000384667
_357_, 46.08, 38.08, 0.000384667
hold42, 46.08, 38.08, 0.000384667
_364_, 64.71, 38.08, 0.000382591
_369_, 64.71, 38.08, 0.000382591
_320_, 5.52, 32.64, 0.000442928
_327_, 5.52, 32.64, 0.000442928
PHY_14, 5.52, 32.64, 0.000442928
PHY_16, 5.52, 32.64, 0.000442928
FILLER_0_8_3, 5.52, 32.64, 0.000442928
FILLER_0_9_3, 5.52, 32.64, 0.000442928
PHY_15, 80.04, 32.64, 0.000344705
PHY_17, 80.04, 32.64, 0.000344705
_221_, 27.45, 32.64, 0.000390182
_222_, 27.45, 32.64, 0.000390182
_226_, 27.45, 32.64, 0.000390182
_236_, 27.45, 32.64, 0.000390182
FILLER_0_7_45, 27.45, 32.64, 0.000390182
FILLER_0_8_56, 27.45, 32.64, 0.000390182
_242_, 46.08, 32.64, 0.000353513
FILLER_0_7_81, 46.08, 32.64, 0.000353513
hold24, 64.71, 32.64, 0.000348915
PHY_10, 5.52, 27.2, 0.000348274
PHY_12, 5.52, 27.2, 0.000348274
PHY_11, 80.04, 27.2, 0.000377199
PHY_13, 80.04, 27.2, 0.000377199
FILLER_0_6_57, 27.45, 27.2, 0.000348919
FILLER_0_7_53, 27.45, 27.2, 0.000348919
FILLER_0_7_57, 27.45, 27.2, 0.000348919
_277_, 46.08, 27.2, 0.000398039
_348_, 46.08, 27.2, 0.000398039
hold17, 46.08, 27.2, 0.000398039
FILLER_0_7_89, 46.08, 27.2, 0.000398039
_164_, 64.71, 27.2, 0.000409561
_271_, 64.71, 27.2, 0.000409561
_273_, 64.71, 27.2, 0.000409561
FILLER_0_6_137, 64.71, 27.2, 0.000409561
_319_, 5.52, 21.76, 0.000413307
PHY_6, 5.52, 21.76, 0.000413307
PHY_8, 5.52, 21.76, 0.000413307
FILLER_0_4_3, 5.52, 21.76, 0.000413307
PHY_7, 80.04, 21.76, 0.000392463
PHY_9, 80.04, 21.76, 0.000392463
_174_, 27.45, 21.76, 0.000415533
_194_, 27.45, 21.76, 0.000415533
_210_, 27.45, 21.76, 0.000415533
_216_, 27.45, 21.76, 0.000415533
hold4, 27.45, 21.76, 0.000415533
FILLER_0_4_56, 27.45, 21.76, 0.000415533
_249_, 46.08, 21.76, 0.000417511
_332_, 46.08, 21.76, 0.000417511
hold11, 46.08, 21.76, 0.000417511
hold16, 46.08, 21.76, 0.000417511
FILLER_0_3_88, 46.08, 21.76, 0.000417511
_270_, 64.71, 21.76, 0.000425079
_272_, 64.71, 21.76, 0.000425079
_274_, 64.71, 21.76, 0.000425079
_275_, 64.71, 21.76, 0.000425079
_362_, 64.71, 21.76, 0.000425079
FILLER_0_5_131, 64.71, 21.76, 0.000425079
_317_, 5.52, 16.32, 0.000477423
_323_, 5.52, 16.32, 0.000477423
PHY_2, 5.52, 16.32, 0.000477423
PHY_4, 5.52, 16.32, 0.000477423
FILLER_0_2_3, 5.52, 16.32, 0.000477423
FILLER_0_3_3, 5.52, 16.32, 0.000477423
PHY_3, 80.04, 16.32, 0.000400701
PHY_5, 80.04, 16.32, 0.000400701
FILLER_0_1_156, 80.04, 16.32, 0.000400701
_217_, 27.45, 16.32, 0.00044574
_218_, 27.45, 16.32, 0.00044574
_257_, 27.45, 16.32, 0.00044574
_331_, 27.45, 16.32, 0.00044574
_338_, 27.45, 16.32, 0.00044574
_247_, 46.08, 16.32, 0.00042822
_346_, 46.08, 16.32, 0.00042822
_353_, 46.08, 16.32, 0.00042822
FILLER_0_1_88, 46.08, 16.32, 0.00042822
FILLER_0_2_91, 46.08, 16.32, 0.00042822
_347_, 64.71, 16.32, 0.000427582
_366_, 64.71, 16.32, 0.000427582
hold45, 64.71, 16.32, 0.000427582
PHY_0, 5.52, 10.88, 0.000328235
input1, 5.52, 10.88, 0.000328235
PHY_1, 80.04, 10.88, 0.000376697
FILLER_0_0_53, 27.45, 10.88, 0.00033019
FILLER_0_1_51, 27.45, 10.88, 0.00033019
output5, 46.08, 10.88, 0.00036316
FILLER_0_0_81, 46.08, 10.88, 0.00036316
FILLER_0_0_85, 46.08, 10.88, 0.00036316
FILLER_0_1_96, 46.08, 10.88, 0.00036316
_361_, 64.71, 10.88, 0.000394062
output4, 64.71, 10.88, 0.000394062
FILLER_0_0_125, 64.71, 10.88, 0.000394062
FILLER_0_0_135, 64.71, 10.88, 0.000394062

