Instance name,  X location,  Y location,  Voltage 
FILLER_0_26_133, 70.725, 84.32, 1.79972
_202_, 70.725, 78.88, 1.79969
FILLER_0_24_136, 70.725, 78.88, 1.79969
_181_, 70.725, 73.44, 1.79967
_309_, 70.725, 73.44, 1.79967
_314_, 70.725, 73.44, 1.79967
_370_, 70.725, 73.44, 1.79967
_310_, 70.725, 68, 1.79969
_368_, 70.725, 68, 1.79969
hold1, 70.725, 68, 1.79969
FILLER_0_20_137, 70.725, 68, 1.79969
_287_, 70.725, 62.56, 1.79971
FILLER_0_20_148, 70.725, 62.56, 1.79971
_183_, 70.725, 57.12, 1.7997
_188_, 70.725, 57.12, 1.7997
_308_, 70.725, 57.12, 1.7997
hold39, 70.725, 57.12, 1.7997
FILLER_0_17_148, 70.725, 57.12, 1.7997
FILLER_0_18_150, 70.725, 57.12, 1.7997
fanout9, 70.725, 51.68, 1.79967
hold25, 70.725, 51.68, 1.79967
hold50, 70.725, 51.68, 1.79967
FILLER_0_14_137, 70.725, 51.68, 1.79967
_197_, 70.725, 46.24, 1.79963
_305_, 70.725, 46.24, 1.79963
_306_, 70.725, 46.24, 1.79963
_365_, 70.725, 46.24, 1.79963
_312_, 70.725, 40.8, 1.7996
fanout8, 70.725, 40.8, 1.7996
hold27, 70.725, 40.8, 1.7996
_304_, 70.725, 35.36, 1.79958
_313_, 70.725, 35.36, 1.79958
hold26, 70.725, 35.36, 1.79958
_185_, 70.725, 29.92, 1.79958
_301_, 70.725, 29.92, 1.79958
FILLER_0_6_137, 70.725, 29.92, 1.79958
_275_, 70.725, 24.48, 1.79954
_298_, 70.725, 24.48, 1.79954
_300_, 70.725, 24.48, 1.79954
_362_, 70.725, 24.48, 1.79954
hold7, 70.725, 24.48, 1.79954
_186_, 70.725, 19.04, 1.79951
_299_, 70.725, 19.04, 1.79951
hold22, 70.725, 19.04, 1.79951
hold23, 70.725, 19.04, 1.79951
_192_, 70.725, 13.6, 1.79954
_307_, 70.725, 13.6, 1.79954
hold52, 70.725, 13.6, 1.79954
FILLER_0_0_135, 70.725, 13.6, 1.79954
FILLER_0_0_141, 70.725, 13.6, 1.79954
_294_, 52.095, 78.88, 1.79968
_296_, 52.095, 78.88, 1.79968
FILLER_0_24_100, 52.095, 78.88, 1.79968
FILLER_0_25_95, 52.095, 78.88, 1.79968
FILLER_0_25_103, 52.095, 78.88, 1.79968
FILLER_0_26_109, 52.095, 78.88, 1.79968
hold40, 52.095, 73.44, 1.79967
_288_, 52.095, 68, 1.79968
_291_, 52.095, 68, 1.79968
hold9, 52.095, 68, 1.79968
hold10, 52.095, 68, 1.79968
FILLER_0_20_96, 52.095, 68, 1.79968
FILLER_0_22_110, 52.095, 68, 1.79968
_289_, 52.095, 62.56, 1.79969
_292_, 52.095, 62.56, 1.79969
hold32, 52.095, 62.56, 1.79969
_160_, 52.095, 57.12, 1.79969
_290_, 52.095, 57.12, 1.79969
_354_, 52.095, 57.12, 1.79969
_355_, 52.095, 57.12, 1.79969
FILLER_0_17_93, 52.095, 57.12, 1.79969
_352_, 52.095, 51.68, 1.79963
clkbuf_2_3__f_clk, 52.095, 51.68, 1.79963
_162_, 52.095, 46.24, 1.7996
_254_, 52.095, 46.24, 1.7996
hold38, 52.095, 46.24, 1.7996
_293_, 52.095, 40.8, 1.79958
_357_, 52.095, 40.8, 1.79958
_198_, 52.095, 35.36, 1.79956
_242_, 52.095, 35.36, 1.79956
_350_, 52.095, 35.36, 1.79956
FILLER_0_9_108, 52.095, 35.36, 1.79956
_277_, 52.095, 29.92, 1.79953
_348_, 52.095, 29.92, 1.79953
clkbuf_2_2__f_clk, 52.095, 29.92, 1.79953
_246_, 52.095, 24.48, 1.79954
hold16, 52.095, 24.48, 1.79954
_193_, 52.095, 19.04, 1.79949
_346_, 52.095, 19.04, 1.79949
_163_, 52.095, 13.6, 1.79952
_285_, 52.095, 13.6, 1.79952
output5, 52.095, 13.6, 1.79952
FILLER_0_1_96, 52.095, 13.6, 1.79952
FILLER_0_1_109, 52.095, 13.6, 1.79952
FILLER_0_26_57, 33.465, 84.32, 1.79969
_268_, 33.465, 78.88, 1.79964
_344_, 33.465, 78.88, 1.79964
hold48, 33.465, 78.88, 1.79964
FILLER_0_25_51, 33.465, 78.88, 1.79964
FILLER_0_25_57, 33.465, 78.88, 1.79964
_267_, 33.465, 73.44, 1.79964
hold18, 33.465, 73.44, 1.79964
hold57, 33.465, 73.44, 1.79964
_176_, 33.465, 68, 1.79966
_259_, 33.465, 62.56, 1.79963
_340_, 33.465, 62.56, 1.79963
FILLER_0_18_56, 33.465, 62.56, 1.79963
FILLER_0_19_69, 33.465, 62.56, 1.79963
FILLER_0_20_61, 33.465, 62.56, 1.79963
_339_, 33.465, 57.12, 1.79965
hold36, 33.465, 57.12, 1.79965
_337_, 33.465, 51.68, 1.79962
FILLER_0_15_53, 33.465, 51.68, 1.79962
FILLER_0_15_57, 33.465, 51.68, 1.79962
FILLER_0_16_65, 33.465, 51.68, 1.79962
hold41, 33.465, 46.24, 1.79956
_223_, 33.465, 40.8, 1.79952
_321_, 33.465, 40.8, 1.79952
_342_, 33.465, 40.8, 1.79952
hold31, 33.465, 40.8, 1.79952
FILLER_0_12_61, 33.465, 40.8, 1.79952
_226_, 33.465, 35.36, 1.79955
_335_, 33.465, 35.36, 1.79955
FILLER_0_8_56, 33.465, 35.36, 1.79955
_199_, 33.465, 29.92, 1.79952
_243_, 33.465, 29.92, 1.79952
_251_, 33.465, 29.92, 1.79952
FILLER_0_6_57, 33.465, 29.92, 1.79952
FILLER_0_7_53, 33.465, 29.92, 1.79952
FILLER_0_7_57, 33.465, 29.92, 1.79952
_174_, 33.465, 24.48, 1.79952
_194_, 33.465, 24.48, 1.79952
_212_, 33.465, 24.48, 1.79952
_248_, 33.465, 24.48, 1.79952
_333_, 33.465, 24.48, 1.79952
FILLER_0_4_56, 33.465, 24.48, 1.79952
_331_, 33.465, 19.04, 1.79948
_338_, 33.465, 19.04, 1.79948
_244_, 33.465, 13.6, 1.79953
hold20, 33.465, 13.6, 1.79953
FILLER_0_0_53, 33.465, 13.6, 1.79953
FILLER_0_1_51, 33.465, 13.6, 1.79953
_349_, 14.835, 78.88, 1.79964
FILLER_0_25_15, 14.835, 78.88, 1.79964
FILLER_0_26_29, 14.835, 78.88, 1.79964
_239_, 14.835, 73.44, 1.79963
_240_, 14.835, 73.44, 1.79963
_278_, 14.835, 73.44, 1.79963
hold8, 14.835, 73.44, 1.79963
FILLER_0_23_26, 14.835, 73.44, 1.79963
_238_, 14.835, 68, 1.79965
hold21, 14.835, 68, 1.79965
FILLER_0_21_21, 14.835, 68, 1.79965
FILLER_0_22_29, 14.835, 68, 1.79965
hold56, 14.835, 62.56, 1.7996
FILLER_0_19_29, 14.835, 62.56, 1.7996
_167_, 14.835, 57.12, 1.79963
_231_, 14.835, 57.12, 1.79963
_234_, 14.835, 57.12, 1.79963
_250_, 14.835, 57.12, 1.79963
FILLER_0_16_15, 14.835, 57.12, 1.79963
FILLER_0_17_11, 14.835, 57.12, 1.79963
FILLER_0_17_20, 14.835, 57.12, 1.79963
_206_, 14.835, 51.68, 1.79959
_213_, 14.835, 51.68, 1.79959
_241_, 14.835, 51.68, 1.79959
hold54, 14.835, 51.68, 1.79959
FILLER_0_14_15, 14.835, 51.68, 1.79959
_169_, 14.835, 46.24, 1.79956
FILLER_0_13_15, 14.835, 46.24, 1.79956
_322_, 14.835, 40.8, 1.79952
FILLER_0_10_15, 14.835, 40.8, 1.79952
FILLER_0_11_15, 14.835, 40.8, 1.79952
_214_, 14.835, 35.36, 1.79955
_327_, 14.835, 35.36, 1.79955
FILLER_0_10_29, 14.835, 35.36, 1.79955
_170_, 14.835, 29.92, 1.79951
_171_, 14.835, 29.92, 1.79951
_229_, 14.835, 29.92, 1.79951
hold51, 14.835, 29.92, 1.79951
FILLER_0_6_15, 14.835, 29.92, 1.79951
FILLER_0_7_15, 14.835, 29.92, 1.79951
_215_, 14.835, 24.48, 1.79953
_220_, 14.835, 24.48, 1.79953
hold13, 14.835, 24.48, 1.79953
hold44, 14.835, 24.48, 1.79953
_195_, 14.835, 19.04, 1.79949
_219_, 14.835, 19.04, 1.79949
_211_, 14.835, 13.6, 1.79953
hold53, 14.835, 13.6, 1.79953
FILLER_0_0_19, 14.835, 13.6, 1.79953
FILLER_0_1_15, 14.835, 13.6, 1.79953
PHY_52, 5.52, 84.32, 1.79968
PHY_53, 80.04, 84.32, 1.79972
FILLER_0_26_153, 80.04, 84.32, 1.79972
hold28, 24.15, 84.32, 1.79968
FILLER_0_26_37, 24.15, 84.32, 1.79968
hold47, 42.78, 84.32, 1.7997
FILLER_0_26_81, 42.78, 84.32, 1.7997
_295_, 61.41, 84.32, 1.79971
PHY_48, 5.52, 78.88, 1.79964
PHY_50, 5.52, 78.88, 1.79964
PHY_49, 80.04, 78.88, 1.79969
PHY_51, 80.04, 78.88, 1.79969
FILLER_0_24_153, 80.04, 78.88, 1.79969
FILLER_0_25_154, 80.04, 78.88, 1.79969
_343_, 24.15, 78.88, 1.79963
hold19, 24.15, 78.88, 1.79963
FILLER_0_26_48, 24.15, 78.88, 1.79963
_303_, 42.78, 78.88, 1.79965
_363_, 42.78, 78.88, 1.79965
FILLER_0_24_81, 42.78, 78.88, 1.79965
_359_, 61.41, 78.88, 1.79966
hold5, 61.41, 78.88, 1.79966
hold6, 61.41, 78.88, 1.79966
_329_, 5.52, 73.44, 1.79961
PHY_44, 5.52, 73.44, 1.79961
PHY_46, 5.52, 73.44, 1.79961
FILLER_0_24_3, 5.52, 73.44, 1.79961
PHY_45, 80.04, 73.44, 1.79967
PHY_47, 80.04, 73.44, 1.79967
_263_, 24.15, 73.44, 1.79963
_341_, 24.15, 73.44, 1.79963
FILLER_0_22_37, 24.15, 73.44, 1.79963
_159_, 42.78, 73.44, 1.79963
_204_, 42.78, 73.44, 1.79963
_265_, 42.78, 73.44, 1.79963
_302_, 42.78, 73.44, 1.79963
_358_, 42.78, 73.44, 1.79963
FILLER_0_22_80, 42.78, 73.44, 1.79963
FILLER_0_23_84, 42.78, 73.44, 1.79963
FILLER_0_24_85, 42.78, 73.44, 1.79963
_203_, 61.41, 73.44, 1.79965
_209_, 61.41, 73.44, 1.79965
_316_, 61.41, 73.44, 1.79965
FILLER_0_23_113, 61.41, 73.44, 1.79965
PHY_40, 5.52, 68, 1.79965
PHY_42, 5.52, 68, 1.79965
PHY_41, 80.04, 68, 1.79969
PHY_43, 80.04, 68, 1.79969
FILLER_0_20_156, 80.04, 68, 1.79969
_205_, 24.15, 68, 1.79964
_262_, 24.15, 68, 1.79964
_266_, 24.15, 68, 1.79964
FILLER_0_21_32, 24.15, 68, 1.79964
FILLER_0_21_40, 24.15, 68, 1.79964
FILLER_0_21_49, 24.15, 68, 1.79964
_161_, 42.78, 68, 1.79965
_356_, 42.78, 68, 1.79965
FILLER_0_21_81, 42.78, 68, 1.79965
_208_, 61.41, 68, 1.79967
hold2, 61.41, 68, 1.79967
FILLER_0_21_125, 61.41, 68, 1.79967
_328_, 5.52, 62.56, 1.79956
_334_, 5.52, 62.56, 1.79956
PHY_36, 5.52, 62.56, 1.79956
PHY_38, 5.52, 62.56, 1.79956
FILLER_0_19_3, 5.52, 62.56, 1.79956
FILLER_0_20_3, 5.52, 62.56, 1.79956
PHY_37, 80.04, 62.56, 1.79971
PHY_39, 80.04, 62.56, 1.79971
FILLER_0_19_152, 80.04, 62.56, 1.79971
_232_, 24.15, 62.56, 1.79959
_237_, 24.15, 62.56, 1.79959
_269_, 24.15, 62.56, 1.79959
hold12, 24.15, 62.56, 1.79959
hold15, 24.15, 62.56, 1.79959
_175_, 42.78, 62.56, 1.79963
_190_, 42.78, 62.56, 1.79963
_260_, 42.78, 62.56, 1.79963
_261_, 42.78, 62.56, 1.79963
_360_, 42.78, 62.56, 1.79963
hold33, 42.78, 62.56, 1.79963
FILLER_0_18_81, 42.78, 62.56, 1.79963
FILLER_0_20_85, 42.78, 62.56, 1.79963
_182_, 61.41, 62.56, 1.79969
_311_, 61.41, 62.56, 1.79969
hold3, 61.41, 62.56, 1.79969
FILLER_0_19_113, 61.41, 62.56, 1.79969
FILLER_0_20_124, 61.41, 62.56, 1.79969
_326_, 5.52, 57.12, 1.79961
PHY_32, 5.52, 57.12, 1.79961
PHY_34, 5.52, 57.12, 1.79961
FILLER_0_17_3, 5.52, 57.12, 1.79961
FILLER_0_18_3, 5.52, 57.12, 1.79961
PHY_33, 80.04, 57.12, 1.7997
PHY_35, 80.04, 57.12, 1.7997
FILLER_0_16_155, 80.04, 57.12, 1.7997
FILLER_0_17_156, 80.04, 57.12, 1.7997
_201_, 24.15, 57.12, 1.79962
_233_, 24.15, 57.12, 1.79962
_235_, 24.15, 57.12, 1.79962
_325_, 24.15, 57.12, 1.79962
hold14, 24.15, 57.12, 1.79962
_177_, 42.78, 57.12, 1.79966
_258_, 42.78, 57.12, 1.79966
_297_, 42.78, 57.12, 1.79966
FILLER_0_16_80, 42.78, 57.12, 1.79966
FILLER_0_17_85, 42.78, 57.12, 1.79966
FILLER_0_18_85, 42.78, 57.12, 1.79966
_189_, 61.41, 57.12, 1.79967
_315_, 61.41, 57.12, 1.79967
_371_, 61.41, 57.12, 1.79967
hold49, 61.41, 57.12, 1.79967
FILLER_0_16_113, 61.41, 57.12, 1.79967
FILLER_0_17_120, 61.41, 57.12, 1.79967
_330_, 5.52, 51.68, 1.79957
PHY_28, 5.52, 51.68, 1.79957
PHY_30, 5.52, 51.68, 1.79957
input2, 5.52, 51.68, 1.79957
FILLER_0_15_6, 5.52, 51.68, 1.79957
PHY_29, 80.04, 51.68, 1.79967
PHY_31, 80.04, 51.68, 1.79967
FILLER_0_14_156, 80.04, 51.68, 1.79967
_191_, 24.15, 51.68, 1.79958
_345_, 24.15, 51.68, 1.79958
FILLER_0_15_45, 24.15, 51.68, 1.79958
_255_, 42.78, 51.68, 1.79961
_256_, 42.78, 51.68, 1.79961
fanout7, 42.78, 51.68, 1.79961
hold35, 42.78, 51.68, 1.79961
FILLER_0_15_89, 42.78, 51.68, 1.79961
_158_, 61.41, 51.68, 1.79963
_283_, 61.41, 51.68, 1.79963
_286_, 61.41, 51.68, 1.79963
_367_, 61.41, 51.68, 1.79963
hold34, 61.41, 51.68, 1.79963
FILLER_0_14_114, 61.41, 51.68, 1.79963
FILLER_0_15_124, 61.41, 51.68, 1.79963
FILLER_0_16_128, 61.41, 51.68, 1.79963
PHY_24, 5.52, 46.24, 1.79956
PHY_26, 5.52, 46.24, 1.79956
PHY_25, 80.04, 46.24, 1.79963
PHY_27, 80.04, 46.24, 1.79963
input3, 80.04, 46.24, 1.79963
FILLER_0_12_152, 80.04, 46.24, 1.79963
FILLER_0_13_153, 80.04, 46.24, 1.79963
_166_, 24.15, 46.24, 1.7995
_168_, 24.15, 46.24, 1.7995
_227_, 24.15, 46.24, 1.7995
_230_, 24.15, 46.24, 1.7995
clkbuf_2_1__f_clk, 24.15, 46.24, 1.7995
hold46, 24.15, 46.24, 1.7995
FILLER_0_13_50, 24.15, 46.24, 1.7995
FILLER_0_14_41, 24.15, 46.24, 1.7995
_252_, 42.78, 46.24, 1.79954
clkbuf_0_clk, 42.78, 46.24, 1.79954
FILLER_0_14_85, 42.78, 46.24, 1.79954
_279_, 61.41, 46.24, 1.79961
_284_, 61.41, 46.24, 1.79961
FILLER_0_12_115, 61.41, 46.24, 1.79961
_324_, 5.52, 40.8, 1.79951
PHY_20, 5.52, 40.8, 1.79951
PHY_22, 5.52, 40.8, 1.79951
FILLER_0_12_3, 5.52, 40.8, 1.79951
PHY_21, 80.04, 40.8, 1.7996
PHY_23, 80.04, 40.8, 1.7996
_200_, 24.15, 40.8, 1.79947
_228_, 24.15, 40.8, 1.79947
clkbuf_2_0__f_clk, 24.15, 40.8, 1.79947
hold29, 24.15, 40.8, 1.79947
_253_, 42.78, 40.8, 1.79954
_264_, 42.78, 40.8, 1.79954
fanout6, 42.78, 40.8, 1.79954
hold30, 42.78, 40.8, 1.79954
_281_, 61.41, 40.8, 1.79956
_282_, 61.41, 40.8, 1.79956
_351_, 61.41, 40.8, 1.79956
_364_, 61.41, 40.8, 1.79956
hold37, 61.41, 40.8, 1.79956
FILLER_0_10_112, 61.41, 40.8, 1.79956
PHY_16, 5.52, 35.36, 1.79955
PHY_18, 5.52, 35.36, 1.79955
FILLER_0_9_3, 5.52, 35.36, 1.79955
_184_, 80.04, 35.36, 1.79957
PHY_17, 80.04, 35.36, 1.79957
PHY_19, 80.04, 35.36, 1.79957
FILLER_0_8_152, 80.04, 35.36, 1.79957
_207_, 24.15, 35.36, 1.79953
_224_, 24.15, 35.36, 1.79953
_225_, 24.15, 35.36, 1.79953
hold55, 24.15, 35.36, 1.79953
_178_, 42.78, 35.36, 1.79953
_336_, 42.78, 35.36, 1.79953
hold42, 42.78, 35.36, 1.79953
FILLER_0_8_77, 42.78, 35.36, 1.79953
_196_, 61.41, 35.36, 1.79955
_369_, 61.41, 35.36, 1.79955
hold24, 61.41, 35.36, 1.79955
_320_, 5.52, 29.92, 1.79949
PHY_12, 5.52, 29.92, 1.79949
PHY_14, 5.52, 29.92, 1.79949
FILLER_0_8_3, 5.52, 29.92, 1.79949
PHY_13, 80.04, 29.92, 1.79958
PHY_15, 80.04, 29.92, 1.79958
_221_, 24.15, 29.92, 1.7995
_222_, 24.15, 29.92, 1.7995
_236_, 24.15, 29.92, 1.7995
FILLER_0_7_45, 24.15, 29.92, 1.7995
FILLER_0_6_78, 42.78, 29.92, 1.79952
FILLER_0_7_81, 42.78, 29.92, 1.79952
FILLER_0_7_89, 42.78, 29.92, 1.79952
_273_, 61.41, 29.92, 1.79954
_280_, 61.41, 29.92, 1.79954
PHY_8, 5.52, 24.48, 1.79953
PHY_10, 5.52, 24.48, 1.79953
PHY_9, 80.04, 24.48, 1.79954
PHY_11, 80.04, 24.48, 1.79954
FILLER_0_5_155, 80.04, 24.48, 1.79954
_172_, 24.15, 24.48, 1.79952
_173_, 24.15, 24.48, 1.79952
_179_, 42.78, 24.48, 1.79951
_249_, 42.78, 24.48, 1.79951
hold17, 42.78, 24.48, 1.79951
_164_, 61.41, 24.48, 1.79952
_271_, 61.41, 24.48, 1.79952
_276_, 61.41, 24.48, 1.79952
hold43, 61.41, 24.48, 1.79952
FILLER_0_5_131, 61.41, 24.48, 1.79952
_319_, 5.52, 19.04, 1.79946
_323_, 5.52, 19.04, 1.79946
PHY_4, 5.52, 19.04, 1.79946
PHY_6, 5.52, 19.04, 1.79946
FILLER_0_3_3, 5.52, 19.04, 1.79946
FILLER_0_4_3, 5.52, 19.04, 1.79946
_180_, 80.04, 19.04, 1.7995
PHY_5, 80.04, 19.04, 1.7995
PHY_7, 80.04, 19.04, 1.7995
_165_, 24.15, 19.04, 1.79946
_210_, 24.15, 19.04, 1.79946
_216_, 24.15, 19.04, 1.79946
_218_, 24.15, 19.04, 1.79946
_318_, 24.15, 19.04, 1.79946
hold4, 24.15, 19.04, 1.79946
FILLER_0_2_37, 24.15, 19.04, 1.79946
_245_, 42.78, 19.04, 1.79946
_332_, 42.78, 19.04, 1.79946
_353_, 42.78, 19.04, 1.79946
hold11, 42.78, 19.04, 1.79946
FILLER_0_3_88, 42.78, 19.04, 1.79946
_157_, 61.41, 19.04, 1.79945
_187_, 61.41, 19.04, 1.79945
_270_, 61.41, 19.04, 1.79945
_272_, 61.41, 19.04, 1.79945
_274_, 61.41, 19.04, 1.79945
_347_, 61.41, 19.04, 1.79945
_366_, 61.41, 19.04, 1.79945
_317_, 5.52, 13.6, 1.79951
PHY_0, 5.52, 13.6, 1.79951
PHY_2, 5.52, 13.6, 1.79951
input1, 5.52, 13.6, 1.79951
FILLER_0_2_3, 5.52, 13.6, 1.79951
PHY_1, 80.04, 13.6, 1.79954
PHY_3, 80.04, 13.6, 1.79954
FILLER_0_0_153, 80.04, 13.6, 1.79954
FILLER_0_1_156, 80.04, 13.6, 1.79954
_217_, 24.15, 13.6, 1.79952
_257_, 24.15, 13.6, 1.79952
_247_, 42.78, 13.6, 1.79952
FILLER_0_0_81, 42.78, 13.6, 1.79952
FILLER_0_0_85, 42.78, 13.6, 1.79952
FILLER_0_1_88, 42.78, 13.6, 1.79952
FILLER_0_2_91, 42.78, 13.6, 1.79952
_361_, 61.41, 13.6, 1.7995
output4, 61.41, 13.6, 1.7995
hold45, 61.41, 13.6, 1.7995
FILLER_0_0_125, 61.41, 13.6, 1.7995
FILLER_0_1_113, 61.41, 13.6, 1.7995

